[36m╭─[0m[36m────────────────────────[0m[36m Crew Execution Started [0m[36m────────────────────────[0m[36m─╮[0m
[36m│[0m                                                                          [36m│[0m
[36m│[0m  [1;36mCrew Execution Started[0m                                                  [36m│[0m
[36m│[0m  [37mName: [0m[36mcrew[0m                                                              [36m│[0m
[36m│[0m  [37mID: [0m[36m3f529fe0-5898-4914-a787-15192dbacaa8[0m                                [36m│[0m
[36m│[0m                                                                          [36m│[0m
[36m│[0m                                                                          [36m│[0m
[36m╰──────────────────────────────────────────────────────────────────────────╯[0m

[1;36m🚀 Crew: [0m[1;36mcrew[0m
└── [1;33m📋 Task: c3dddce5-b707-496f-ac9a-f4d91aee34e7[0m
    [37m   Status: [0m[2;33mExecuting Task...[0m

[1;36m🚀 Crew: [0m[1;36mcrew[0m
└── [1;33m📋 Task: c3dddce5-b707-496f-ac9a-f4d91aee34e7[0m
    [37m   Status: [0m[2;33mExecuting Task...[0m
    └── [1;32m🤖 Agent: [0m[32mRegulatory Compliance Guardian[0m
        
        [37m    Status: [0m[1;32mIn Progress[0m

[1m[95m# Agent:[00m [1m[92mRegulatory Compliance Guardian[00m
[95m## Task:[00m [92mEvaluate the disclosure request for transaction hash 'TxHash_DivorceJudgment_Obstruction' based on regulatory compliance.  The reason for the request is: Court Appointed Forensic Audit Enforcement of Divorce Judgment Asset Concealment. Provide your vote (YES/NO/ABSTAIN) and a brief justification.
[00m
[1;32m🤖 Agent: [0m[32mRegulatory Compliance Guardian[0m

[37m    Status: [0m[1;32mIn Progress[0m
└── [1;34m🧠 [0m[34mThinking...[0m

[1;32m🤖 Agent: [0m[32mRegulatory Compliance Guardian[0m

[37m    Status: [0m[1;32mIn Progress[0m



[1m[95m# Agent:[00m [1m[92mRegulatory Compliance Guardian[00m
[95m## Final Answer:[00m [92m
YES. The request for disclosure is aligned with regulatory compliance and financial crime prevention objectives. The enforcement of a divorce judgment, particularly concerning asset concealment, is a legitimate legal purpose supported by a court-appointed forensic audit. Disclosing the transaction details helps prevent financial crimes such as fraud or asset hiding and supports the integrity of legal processes. Therefore, this request complies with AML/CFT obligations and is justified.[00m


[1;36m🚀 Crew: [0m[1;36mcrew[0m
└── [1;33m📋 Task: c3dddce5-b707-496f-ac9a-f4d91aee34e7[0m
    [37m   Status: [0m[2;33mExecuting Task...[0m
    └── [1;32m🤖 Agent: [0m[32mRegulatory Compliance Guardian[0m
        
        [37m    Status: [0m[1;32m✅ Completed[0m

[1;36m🚀 Crew: [0m[1;36mcrew[0m
└── [1;32m📋 Task: c3dddce5-b707-496f-ac9a-f4d91aee34e7[0m
    [37m   Assigned to: [0m[32mRegulatory Compliance Guardian[0m
    
    [37m   Status: [0m[1;32m✅ Completed[0m
    └── [1;32m🤖 Agent: [0m[32mRegulatory Compliance Guardian[0m
        
        [37m    Status: [0m[1;32m✅ Completed[0m
[32m╭─[0m[32m───────────────────────────[0m[32m Task Completion [0m[32m────────────────────────────[0m[32m─╮[0m
[32m│[0m                                                                          [32m│[0m
[32m│[0m  [1;32mTask Completed[0m                                                          [32m│[0m
[32m│[0m  [37mName: [0m[32mc3dddce5-b707-496f-ac9a-f4d91aee34e7[0m                              [32m│[0m
[32m│[0m  [37mAgent: [0m[32mRegulatory Compliance Guardian[0m                                   [32m│[0m
[32m│[0m                                                                          [32m│[0m
[32m│[0m                                                                          [32m│[0m
[32m│[0m                                                                          [32m│[0m
[32m╰──────────────────────────────────────────────────────────────────────────╯[0m

[1;36m🚀 Crew: [0m[1;36mcrew[0m
├── [1;32m📋 Task: c3dddce5-b707-496f-ac9a-f4d91aee34e7[0m
│   [37m   Assigned to: [0m[32mRegulatory Compliance Guardian[0m
│   
│   [37m   Status: [0m[1;32m✅ Completed[0m
│   └── [1;32m🤖 Agent: [0m[32mRegulatory Compliance Guardian[0m
│       
│       [37m    Status: [0m[1;32m✅ Completed[0m
└── [1;33m📋 Task: aec5fec6-ab97-483d-a198-e21ed87c0081[0m
    [37m   Status: [0m[2;33mExecuting Task...[0m

[1;36m🚀 Crew: [0m[1;36mcrew[0m
├── [1;32m📋 Task: c3dddce5-b707-496f-ac9a-f4d91aee34e7[0m
│   [37m   Assigned to: [0m[32mRegulatory Compliance Guardian[0m
│   
│   [37m   Status: [0m[1;32m✅ Completed[0m
│   └── [1;32m🤖 Agent: [0m[32mRegulatory Compliance Guardian[0m
│       
│       [37m    Status: [0m[1;32m✅ Completed[0m
└── [1;33m📋 Task: aec5fec6-ab97-483d-a198-e21ed87c0081[0m
    [37m   Status: [0m[2;33mExecuting Task...[0m
    └── [1;32m🤖 Agent: [0m[32mFinancial Institution Risk Guardian[0m
        
        [37m    Status: [0m[1;32mIn Progress[0m

[1m[95m# Agent:[00m [1m[92mFinancial Institution Risk Guardian[00m
[95m## Task:[00m [92mEvaluate the disclosure request for transaction hash 'TxHash_DivorceJudgment_Obstruction' from the perspective of a major financial institution. The reason for the request is: Court Appointed Forensic Audit Enforcement of Divorce Judgment Asset Concealment. Provide your vote (YES/NO/ABSTAIN) and a brief justification.
[00m


[1m[95m# Agent:[00m [1m[92mFinancial Institution Risk Guardian[00m
[95m## Final Answer:[00m [92m
YES. The request for disclosure of the transaction hash 'TxHash_DivorceJudgment_Obstruction' is justified and aligned with the institution’s AML and regulatory compliance requirements. The involvement of a court-appointed forensic audit for enforcement in a divorce judgment case addressing asset concealment represents a legitimate legal purpose. Providing the requested information supports the prevention of financial crimes such as fraud and asset hiding, while promoting transparency and the integrity of legal proceedings. Therefore, disclosing this information is consistent with due diligence obligations and serves to protect the institution from regulatory risks and reputational damage.[00m


[1;36m🚀 Crew: [0m[1;36mcrew[0m
├── [1;32m📋 Task: c3dddce5-b707-496f-ac9a-f4d91aee34e7[0m
│   [37m   Assigned to: [0m[32mRegulatory Compliance Guardian[0m
│   
│   [37m   Status: [0m[1;32m✅ Completed[0m
│   └── [1;32m🤖 Agent: [0m[32mRegulatory Compliance Guardian[0m
│       
│       [37m    Status: [0m[1;32m✅ Completed[0m
└── [1;33m📋 Task: aec5fec6-ab97-483d-a198-e21ed87c0081[0m
    [37m   Status: [0m[2;33mExecuting Task...[0m
    └── [1;32m🤖 Agent: [0m[32mFinancial Institution Risk Guardian[0m
        
        [37m    Status: [0m[1;32m✅ Completed[0m

[1;36m🚀 Crew: [0m[1;36mcrew[0m
├── [1;32m📋 Task: c3dddce5-b707-496f-ac9a-f4d91aee34e7[0m
│   [37m   Assigned to: [0m[32mRegulatory Compliance Guardian[0m
│   
│   [37m   Status: [0m[1;32m✅ Completed[0m
│   └── [1;32m🤖 Agent: [0m[32mRegulatory Compliance Guardian[0m
│       
│       [37m    Status: [0m[1;32m✅ Completed[0m
└── [1;32m📋 Task: aec5fec6-ab97-483d-a198-e21ed87c0081[0m
    [37m   Assigned to: [0m[32mFinancial Institution Risk Guardian[0m
    
    [37m   Status: [0m[1;32m✅ Completed[0m
    └── [1;32m🤖 Agent: [0m[32mFinancial Institution Risk Guardian[0m
        
        [37m    Status: [0m[1;32m✅ Completed[0m
[32m╭─[0m[32m───────────────────────────[0m[32m Task Completion [0m[32m────────────────────────────[0m[32m─╮[0m
[32m│[0m                                                                          [32m│[0m
[32m│[0m  [1;32mTask Completed[0m                                                          [32m│[0m
[32m│[0m  [37mName: [0m[32maec5fec6-ab97-483d-a198-e21ed87c0081[0m                              [32m│[0m
[32m│[0m  [37mAgent: [0m[32mFinancial Institution Risk Guardian[0m                              [32m│[0m
[32m│[0m                                                                          [32m│[0m
[32m│[0m                                                                          [32m│[0m
[32m│[0m                                                                          [32m│[0m
[32m╰──────────────────────────────────────────────────────────────────────────╯[0m

[1;36m🚀 Crew: [0m[1;36mcrew[0m
├── [1;32m📋 Task: c3dddce5-b707-496f-ac9a-f4d91aee34e7[0m
│   [37m   Assigned to: [0m[32mRegulatory Compliance Guardian[0m
│   
│   [37m   Status: [0m[1;32m✅ Completed[0m
│   └── [1;32m🤖 Agent: [0m[32mRegulatory Compliance Guardian[0m
│       
│       [37m    Status: [0m[1;32m✅ Completed[0m
├── [1;32m📋 Task: aec5fec6-ab97-483d-a198-e21ed87c0081[0m
│   [37m   Assigned to: [0m[32mFinancial Institution Risk Guardian[0m
│   
│   [37m   Status: [0m[1;32m✅ Completed[0m
│   └── [1;32m🤖 Agent: [0m[32mFinancial Institution Risk Guardian[0m
│       
│       [37m    Status: [0m[1;32m✅ Completed[0m
└── [1;33m📋 Task: 77379961-4a7e-4d31-93e5-b60cd8d3f095[0m
    [37m   Status: [0m[2;33mExecuting Task...[0m

[1;36m🚀 Crew: [0m[1;36mcrew[0m
├── [1;32m📋 Task: c3dddce5-b707-496f-ac9a-f4d91aee34e7[0m
│   [37m   Assigned to: [0m[32mRegulatory Compliance Guardian[0m
│   
│   [37m   Status: [0m[1;32m✅ Completed[0m
│   └── [1;32m🤖 Agent: [0m[32mRegulatory Compliance Guardian[0m
│       
│       [37m    Status: [0m[1;32m✅ Completed[0m
├── [1;32m📋 Task: aec5fec6-ab97-483d-a198-e21ed87c0081[0m
│   [37m   Assigned to: [0m[32mFinancial Institution Risk Guardian[0m
│   
│   [37m   Status: [0m[1;32m✅ Completed[0m
│   └── [1;32m🤖 Agent: [0m[32mFinancial Institution Risk Guardian[0m
│       
│       [37m    Status: [0m[1;32m✅ Completed[0m
└── [1;33m📋 Task: 77379961-4a7e-4d31-93e5-b60cd8d3f095[0m
    [37m   Status: [0m[2;33mExecuting Task...[0m
    └── [1;32m🤖 Agent: [0m[32mDigital Privacy Guardian[0m
        
        [37m    Status: [0m[1;32mIn Progress[0m

[1m[95m# Agent:[00m [1m[92mDigital Privacy Guardian[00m
[95m## Task:[00m [92mEvaluate the disclosure request for transaction hash 'TxHash_DivorceJudgment_Obstruction' from a privacy advocacy standpoint. The reason for the request is: Court Appointed Forensic Audit Enforcement of Divorce Judgment Asset Concealment. Provide your vote (YES/NO/ABSTAIN) and a brief justification.
[00m


[1m[95m# Agent:[00m [1m[92mDigital Privacy Guardian[00m
[95m## Final Answer:[00m [92m
YES. The request for disclosure of transaction hash 'TxHash_DivorceJudgment_Obstruction' is justified as it arises from a court-appointed forensic audit aimed at enforcing a divorce judgment specifically to uncover asset concealment. This represents a legitimate legal and regulatory purpose with strong due process backing. While the protection of individual financial privacy is paramount, in this case, the disclosure serves to uphold legal accountability, prevent fraud, and enforce judicial decisions. Therefore, releasing the transaction information is consistent with principles of data protection, legal compliance, and equity, balancing privacy with legitimate law enforcement objectives.[00m


[1;36m🚀 Crew: [0m[1;36mcrew[0m
├── [1;32m📋 Task: c3dddce5-b707-496f-ac9a-f4d91aee34e7[0m
│   [37m   Assigned to: [0m[32mRegulatory Compliance Guardian[0m
│   
│   [37m   Status: [0m[1;32m✅ Completed[0m
│   └── [1;32m🤖 Agent: [0m[32mRegulatory Compliance Guardian[0m
│       
│       [37m    Status: [0m[1;32m✅ Completed[0m
├── [1;32m📋 Task: aec5fec6-ab97-483d-a198-e21ed87c0081[0m
│   [37m   Assigned to: [0m[32mFinancial Institution Risk Guardian[0m
│   
│   [37m   Status: [0m[1;32m✅ Completed[0m
│   └── [1;32m🤖 Agent: [0m[32mFinancial Institution Risk Guardian[0m
│       
│       [37m    Status: [0m[1;32m✅ Completed[0m
└── [1;33m📋 Task: 77379961-4a7e-4d31-93e5-b60cd8d3f095[0m
    [37m   Status: [0m[2;33mExecuting Task...[0m
    └── [1;32m🤖 Agent: [0m[32mDigital Privacy Guardian[0m
        
        [37m    Status: [0m[1;32m✅ Completed[0m

[1;36m🚀 Crew: [0m[1;36mcrew[0m
├── [1;32m📋 Task: c3dddce5-b707-496f-ac9a-f4d91aee34e7[0m
│   [37m   Assigned to: [0m[32mRegulatory Compliance Guardian[0m
│   
│   [37m   Status: [0m[1;32m✅ Completed[0m
│   └── [1;32m🤖 Agent: [0m[32mRegulatory Compliance Guardian[0m
│       
│       [37m    Status: [0m[1;32m✅ Completed[0m
├── [1;32m📋 Task: aec5fec6-ab97-483d-a198-e21ed87c0081[0m
│   [37m   Assigned to: [0m[32mFinancial Institution Risk Guardian[0m
│   
│   [37m   Status: [0m[1;32m✅ Completed[0m
│   └── [1;32m🤖 Agent: [0m[32mFinancial Institution Risk Guardian[0m
│       
│       [37m    Status: [0m[1;32m✅ Completed[0m
└── [1;32m📋 Task: 77379961-4a7e-4d31-93e5-b60cd8d3f095[0m
    [37m   Assigned to: [0m[32mDigital Privacy Guardian[0m
    
    [37m   Status: [0m[1;32m✅ Completed[0m
    └── [1;32m🤖 Agent: [0m[32mDigital Privacy Guardian[0m
        
        [37m    Status: [0m[1;32m✅ Completed[0m
[32m╭─[0m[32m───────────────────────────[0m[32m Task Completion [0m[32m────────────────────────────[0m[32m─╮[0m
[32m│[0m                                                                          [32m│[0m
[32m│[0m  [1;32mTask Completed[0m                                                          [32m│[0m
[32m│[0m  [37mName: [0m[32m77379961-4a7e-4d31-93e5-b60cd8d3f095[0m                              [32m│[0m
[32m│[0m  [37mAgent: [0m[32mDigital Privacy Guardian[0m                                         [32m│[0m
[32m│[0m                                                                          [32m│[0m
[32m│[0m                                                                          [32m│[0m
[32m│[0m                                                                          [32m│[0m
[32m╰──────────────────────────────────────────────────────────────────────────╯[0m

[1;36m🚀 Crew: [0m[1;36mcrew[0m
├── [1;32m📋 Task: c3dddce5-b707-496f-ac9a-f4d91aee34e7[0m
│   [37m   Assigned to: [0m[32mRegulatory Compliance Guardian[0m
│   
│   [37m   Status: [0m[1;32m✅ Completed[0m
│   └── [1;32m🤖 Agent: [0m[32mRegulatory Compliance Guardian[0m
│       
│       [37m    Status: [0m[1;32m✅ Completed[0m
├── [1;32m📋 Task: aec5fec6-ab97-483d-a198-e21ed87c0081[0m
│   [37m   Assigned to: [0m[32mFinancial Institution Risk Guardian[0m
│   
│   [37m   Status: [0m[1;32m✅ Completed[0m
│   └── [1;32m🤖 Agent: [0m[32mFinancial Institution Risk Guardian[0m
│       
│       [37m    Status: [0m[1;32m✅ Completed[0m
├── [1;32m📋 Task: 77379961-4a7e-4d31-93e5-b60cd8d3f095[0m
│   [37m   Assigned to: [0m[32mDigital Privacy Guardian[0m
│   
│   [37m   Status: [0m[1;32m✅ Completed[0m
│   └── [1;32m🤖 Agent: [0m[32mDigital Privacy Guardian[0m
│       
│       [37m    Status: [0m[1;32m✅ Completed[0m
└── [1;33m📋 Task: 11305757-0986-452c-b73c-399d138c9241[0m
    [37m   Status: [0m[2;33mExecuting Task...[0m

[1;36m🚀 Crew: [0m[1;36mcrew[0m
├── [1;32m📋 Task: c3dddce5-b707-496f-ac9a-f4d91aee34e7[0m
│   [37m   Assigned to: [0m[32mRegulatory Compliance Guardian[0m
│   
│   [37m   Status: [0m[1;32m✅ Completed[0m
│   └── [1;32m🤖 Agent: [0m[32mRegulatory Compliance Guardian[0m
│       
│       [37m    Status: [0m[1;32m✅ Completed[0m
├── [1;32m📋 Task: aec5fec6-ab97-483d-a198-e21ed87c0081[0m
│   [37m   Assigned to: [0m[32mFinancial Institution Risk Guardian[0m
│   
│   [37m   Status: [0m[1;32m✅ Completed[0m
│   └── [1;32m🤖 Agent: [0m[32mFinancial Institution Risk Guardian[0m
│       
│       [37m    Status: [0m[1;32m✅ Completed[0m
├── [1;32m📋 Task: 77379961-4a7e-4d31-93e5-b60cd8d3f095[0m
│   [37m   Assigned to: [0m[32mDigital Privacy Guardian[0m
│   
│   [37m   Status: [0m[1;32m✅ Completed[0m
│   └── [1;32m🤖 Agent: [0m[32mDigital Privacy Guardian[0m
│       
│       [37m    Status: [0m[1;32m✅ Completed[0m
└── [1;33m📋 Task: 11305757-0986-452c-b73c-399d138c9241[0m
    [37m   Status: [0m[2;33mExecuting Task...[0m
    └── [1;32m🤖 Agent: [0m[32mImpartial Oversight Guardian[0m
        
        [37m    Status: [0m[1;32mIn Progress[0m

[1m[95m# Agent:[00m [1m[92mImpartial Oversight Guardian[00m
[95m## Task:[00m [92mEvaluate the disclosure request for transaction hash 'TxHash_DivorceJudgment_Obstruction' based on an independent auditor's perspective. The reason for the request is: Court Appointed Forensic Audit Enforcement of Divorce Judgment Asset Concealment. Provide your vote (YES/NO/ABSTAIN) and a brief justification.
[00m


[1m[95m# Agent:[00m [1m[92mImpartial Oversight Guardian[00m
[95m## Final Answer:[00m [92m
YES. The request for disclosure of the transaction hash 'TxHash_DivorceJudgment_Obstruction' is legitimate and justified. It is made under a court-appointed forensic audit for enforcement of a divorce judgment specifically aimed at uncovering asset concealment. This constitutes a lawful and valid reason adhering to due process and established protocols. The disclosure is proportional to the need to enforce legal judgments, prevent financial crime such as fraud and asset hiding, and maintain the integrity of judicial processes. It also aligns with AML/CFT regulations and supports institutional compliance obligations without undue infringement on individual privacy as the request serves a compelling legal purpose. Therefore, I vote YES to the disclosure request.[00m


[1;36m🚀 Crew: [0m[1;36mcrew[0m
├── [1;32m📋 Task: c3dddce5-b707-496f-ac9a-f4d91aee34e7[0m
│   [37m   Assigned to: [0m[32mRegulatory Compliance Guardian[0m
│   
│   [37m   Status: [0m[1;32m✅ Completed[0m
│   └── [1;32m🤖 Agent: [0m[32mRegulatory Compliance Guardian[0m
│       
│       [37m    Status: [0m[1;32m✅ Completed[0m
├── [1;32m📋 Task: aec5fec6-ab97-483d-a198-e21ed87c0081[0m
│   [37m   Assigned to: [0m[32mFinancial Institution Risk Guardian[0m
│   
│   [37m   Status: [0m[1;32m✅ Completed[0m
│   └── [1;32m🤖 Agent: [0m[32mFinancial Institution Risk Guardian[0m
│       
│       [37m    Status: [0m[1;32m✅ Completed[0m
├── [1;32m📋 Task: 77379961-4a7e-4d31-93e5-b60cd8d3f095[0m
│   [37m   Assigned to: [0m[32mDigital Privacy Guardian[0m
│   
│   [37m   Status: [0m[1;32m✅ Completed[0m
│   └── [1;32m🤖 Agent: [0m[32mDigital Privacy Guardian[0m
│       
│       [37m    Status: [0m[1;32m✅ Completed[0m
└── [1;33m📋 Task: 11305757-0986-452c-b73c-399d138c9241[0m
    [37m   Status: [0m[2;33mExecuting Task...[0m
    └── [1;32m🤖 Agent: [0m[32mImpartial Oversight Guardian[0m
        
        [37m    Status: [0m[1;32m✅ Completed[0m

[1;36m🚀 Crew: [0m[1;36mcrew[0m
├── [1;32m📋 Task: c3dddce5-b707-496f-ac9a-f4d91aee34e7[0m
│   [37m   Assigned to: [0m[32mRegulatory Compliance Guardian[0m
│   
│   [37m   Status: [0m[1;32m✅ Completed[0m
│   └── [1;32m🤖 Agent: [0m[32mRegulatory Compliance Guardian[0m
│       
│       [37m    Status: [0m[1;32m✅ Completed[0m
├── [1;32m📋 Task: aec5fec6-ab97-483d-a198-e21ed87c0081[0m
│   [37m   Assigned to: [0m[32mFinancial Institution Risk Guardian[0m
│   
│   [37m   Status: [0m[1;32m✅ Completed[0m
│   └── [1;32m🤖 Agent: [0m[32mFinancial Institution Risk Guardian[0m
│       
│       [37m    Status: [0m[1;32m✅ Completed[0m
├── [1;32m📋 Task: 77379961-4a7e-4d31-93e5-b60cd8d3f095[0m
│   [37m   Assigned to: [0m[32mDigital Privacy Guardian[0m
│   
│   [37m   Status: [0m[1;32m✅ Completed[0m
│   └── [1;32m🤖 Agent: [0m[32mDigital Privacy Guardian[0m
│       
│       [37m    Status: [0m[1;32m✅ Completed[0m
└── [1;32m📋 Task: 11305757-0986-452c-b73c-399d138c9241[0m
    [37m   Assigned to: [0m[32mImpartial Oversight Guardian[0m
    
    [37m   Status: [0m[1;32m✅ Completed[0m
    └── [1;32m🤖 Agent: [0m[32mImpartial Oversight Guardian[0m
        
        [37m    Status: [0m[1;32m✅ Completed[0m
[32m╭─[0m[32m───────────────────────────[0m[32m Task Completion [0m[32m────────────────────────────[0m[32m─╮[0m
[32m│[0m                                                                          [32m│[0m
[32m│[0m  [1;32mTask Completed[0m                                                          [32m│[0m
[32m│[0m  [37mName: [0m[32m11305757-0986-452c-b73c-399d138c9241[0m                              [32m│[0m
[32m│[0m  [37mAgent: [0m[32mImpartial Oversight Guardian[0m                                     [32m│[0m
[32m│[0m                                                                          [32m│[0m
[32m│[0m                                                                          [32m│[0m
[32m│[0m                                                                          [32m│[0m
[32m╰──────────────────────────────────────────────────────────────────────────╯[0m

[1;36m🚀 Crew: [0m[1;36mcrew[0m
├── [1;32m📋 Task: c3dddce5-b707-496f-ac9a-f4d91aee34e7[0m
│   [37m   Assigned to: [0m[32mRegulatory Compliance Guardian[0m
│   
│   [37m   Status: [0m[1;32m✅ Completed[0m
│   └── [1;32m🤖 Agent: [0m[32mRegulatory Compliance Guardian[0m
│       
│       [37m    Status: [0m[1;32m✅ Completed[0m
├── [1;32m📋 Task: aec5fec6-ab97-483d-a198-e21ed87c0081[0m
│   [37m   Assigned to: [0m[32mFinancial Institution Risk Guardian[0m
│   
│   [37m   Status: [0m[1;32m✅ Completed[0m
│   └── [1;32m🤖 Agent: [0m[32mFinancial Institution Risk Guardian[0m
│       
│       [37m    Status: [0m[1;32m✅ Completed[0m
├── [1;32m📋 Task: 77379961-4a7e-4d31-93e5-b60cd8d3f095[0m
│   [37m   Assigned to: [0m[32mDigital Privacy Guardian[0m
│   
│   [37m   Status: [0m[1;32m✅ Completed[0m
│   └── [1;32m🤖 Agent: [0m[32mDigital Privacy Guardian[0m
│       
│       [37m    Status: [0m[1;32m✅ Completed[0m
├── [1;32m📋 Task: 11305757-0986-452c-b73c-399d138c9241[0m
│   [37m   Assigned to: [0m[32mImpartial Oversight Guardian[0m
│   
│   [37m   Status: [0m[1;32m✅ Completed[0m
│   └── [1;32m🤖 Agent: [0m[32mImpartial Oversight Guardian[0m
│       
│       [37m    Status: [0m[1;32m✅ Completed[0m
└── [1;33m📋 Task: 8f69f895-bede-4016-bc34-f7d1bd3027a2[0m
    [37m   Status: [0m[2;33mExecuting Task...[0m

[1;36m🚀 Crew: [0m[1;36mcrew[0m
├── [1;32m📋 Task: c3dddce5-b707-496f-ac9a-f4d91aee34e7[0m
│   [37m   Assigned to: [0m[32mRegulatory Compliance Guardian[0m
│   
│   [37m   Status: [0m[1;32m✅ Completed[0m
│   └── [1;32m🤖 Agent: [0m[32mRegulatory Compliance Guardian[0m
│       
│       [37m    Status: [0m[1;32m✅ Completed[0m
├── [1;32m📋 Task: aec5fec6-ab97-483d-a198-e21ed87c0081[0m
│   [37m   Assigned to: [0m[32mFinancial Institution Risk Guardian[0m
│   
│   [37m   Status: [0m[1;32m✅ Completed[0m
│   └── [1;32m🤖 Agent: [0m[32mFinancial Institution Risk Guardian[0m
│       
│       [37m    Status: [0m[1;32m✅ Completed[0m
├── [1;32m📋 Task: 77379961-4a7e-4d31-93e5-b60cd8d3f095[0m
│   [37m   Assigned to: [0m[32mDigital Privacy Guardian[0m
│   
│   [37m   Status: [0m[1;32m✅ Completed[0m
│   └── [1;32m🤖 Agent: [0m[32mDigital Privacy Guardian[0m
│       
│       [37m    Status: [0m[1;32m✅ Completed[0m
├── [1;32m📋 Task: 11305757-0986-452c-b73c-399d138c9241[0m
│   [37m   Assigned to: [0m[32mImpartial Oversight Guardian[0m
│   
│   [37m   Status: [0m[1;32m✅ Completed[0m
│   └── [1;32m🤖 Agent: [0m[32mImpartial Oversight Guardian[0m
│       
│       [37m    Status: [0m[1;32m✅ Completed[0m
└── [1;33m📋 Task: 8f69f895-bede-4016-bc34-f7d1bd3027a2[0m
    [37m   Status: [0m[2;33mExecuting Task...[0m
    └── [1;32m🤖 Agent: [0m[32mGuardian Response Collator[0m
        
        [37m    Status: [0m[1;32mIn Progress[0m

[1m[95m# Agent:[00m [1m[92mGuardian Response Collator[00m
[95m## Task:[00m [92mCollate the evaluations and votes from the Regulatory Body, Major Financial Institution, Privacy Advocacy Organization, and Independent Auditor regarding the disclosure request for transaction hash 'TxHash_DivorceJudgment_Obstruction'. Summarize the findings and present a final overview.
[00m


[1m[95m# Agent:[00m [1m[92mGuardian Response Collator[00m
[95m## Final Answer:[00m [92m
# Final Report on Disclosure Request for Transaction Hash 'TxHash_DivorceJudgment_Obstruction'

This report consolidates the evaluations and votes from the four guardian agents involved: the Regulatory Body, Major Financial Institution, Privacy Advocacy Organization, and Independent Auditor, regarding the disclosure request for the transaction hash 'TxHash_DivorceJudgment_Obstruction'.

1. **Regulatory Body**:  
   The Regulatory Body voted *YES* to the disclosure request. Their justification centers on alignment with regulatory compliance and financial crime prevention objectives. They emphasize that the enforcement of a divorce judgment, particularly to uncover asset concealment, is a legitimate legal purpose backed by a court-appointed forensic audit. Disclosure is viewed as essential to prevent financial crimes such as fraud and asset hiding, thereby supporting legal integrity and fulfilling AML/CFT obligations.

2. **Major Financial Institution**:  
   The Major Financial Institution also voted *YES*. Their evaluation highlights consistency with AML and regulatory compliance requirements. They stress that the forensic audit context within a divorce judgment enforcing asset concealment justifies disclosure. The institution further notes that transparency here mitigates regulatory risks and reputational harm. Supporting fraud prevention and legal process integrity is considered a critical factor in their positive decision.

3. **Privacy Advocacy Organization**:  
   The Privacy Advocacy Organization gave a *YES* vote, a notable endorsement given their focus on individual privacy. They recognize the delicate balance between privacy protection and the necessity of disclosure in a legally justified case such as this. The organization affirms that the disclosure is consistent with principles of data protection and legal compliance, emphasizing due process and a strong legal basis for the forensic audit aimed at uncovering asset concealment.

4. **Independent Auditor**:  
   The Independent Auditor concurs with all others, voting *YES*. Their reasoning is rooted in the legitimacy of the request under due process and established protocols. They highlight proportionality in the disclosure—the need to enforce judicial rulings and prevent financial crime outweighs privacy concerns here, especially under AML/CFT frameworks. The auditor supports disclosure as serving both judicial integrity and institutional compliance.

**Summary of Consensus and Disagreements:**  
- All four agents unanimously support the disclosure request, citing lawful, regulatory, and judicial bases for it, especially given the involvement of a court-appointed forensic audit.  
- Justifications converge on key themes: prevention of financial crime (fraud, asset hiding), enforcement of divorce judgment, adherence to AML/CFT obligations, and maintaining legal process integrity.  
- The Privacy Advocacy Organization’s support stands out by explicitly acknowledging privacy concerns but validating disclosure due to the strong legal backing and due process associated with this case.  
- No disagreements or dissenting votes were recorded; all guardians emphasize a balanced approach combining transparency with accountability inside a legal framework.

**Overall Sentiment:**  
The overall sentiment is affirmatively in favor of the disclosure. The request is deemed justified, proportional, and necessary in light of multiple safeguards, due process, and a compelling legal purpose. Disclosing the transaction hash is consistent with protecting legal and regulatory interests while respecting privacy principles within this specialized enforcement context.

In conclusion, the unanimous *YES* vote endorses full disclosure of the transaction details related to 'TxHash_DivorceJudgment_Obstruction' to support enforcement of the divorce judgment and uphold AML/CFT compliance effectively.[00m


[1;36m🚀 Crew: [0m[1;36mcrew[0m
├── [1;32m📋 Task: c3dddce5-b707-496f-ac9a-f4d91aee34e7[0m
│   [37m   Assigned to: [0m[32mRegulatory Compliance Guardian[0m
│   
│   [37m   Status: [0m[1;32m✅ Completed[0m
│   └── [1;32m🤖 Agent: [0m[32mRegulatory Compliance Guardian[0m
│       
│       [37m    Status: [0m[1;32m✅ Completed[0m
├── [1;32m📋 Task: aec5fec6-ab97-483d-a198-e21ed87c0081[0m
│   [37m   Assigned to: [0m[32mFinancial Institution Risk Guardian[0m
│   
│   [37m   Status: [0m[1;32m✅ Completed[0m
│   └── [1;32m🤖 Agent: [0m[32mFinancial Institution Risk Guardian[0m
│       
│       [37m    Status: [0m[1;32m✅ Completed[0m
├── [1;32m📋 Task: 77379961-4a7e-4d31-93e5-b60cd8d3f095[0m
│   [37m   Assigned to: [0m[32mDigital Privacy Guardian[0m
│   
│   [37m   Status: [0m[1;32m✅ Completed[0m
│   └── [1;32m🤖 Agent: [0m[32mDigital Privacy Guardian[0m
│       
│       [37m    Status: [0m[1;32m✅ Completed[0m
├── [1;32m📋 Task: 11305757-0986-452c-b73c-399d138c9241[0m
│   [37m   Assigned to: [0m[32mImpartial Oversight Guardian[0m
│   
│   [37m   Status: [0m[1;32m✅ Completed[0m
│   └── [1;32m🤖 Agent: [0m[32mImpartial Oversight Guardian[0m
│       
│       [37m    Status: [0m[1;32m✅ Completed[0m
└── [1;33m📋 Task: 8f69f895-bede-4016-bc34-f7d1bd3027a2[0m
    [37m   Status: [0m[2;33mExecuting Task...[0m
    └── [1;32m🤖 Agent: [0m[32mGuardian Response Collator[0m
        
        [37m    Status: [0m[1;32m✅ Completed[0m

[1;36m🚀 Crew: [0m[1;36mcrew[0m
├── [1;32m📋 Task: c3dddce5-b707-496f-ac9a-f4d91aee34e7[0m
│   [37m   Assigned to: [0m[32mRegulatory Compliance Guardian[0m
│   
│   [37m   Status: [0m[1;32m✅ Completed[0m
│   └── [1;32m🤖 Agent: [0m[32mRegulatory Compliance Guardian[0m
│       
│       [37m    Status: [0m[1;32m✅ Completed[0m
├── [1;32m📋 Task: aec5fec6-ab97-483d-a198-e21ed87c0081[0m
│   [37m   Assigned to: [0m[32mFinancial Institution Risk Guardian[0m
│   
│   [37m   Status: [0m[1;32m✅ Completed[0m
│   └── [1;32m🤖 Agent: [0m[32mFinancial Institution Risk Guardian[0m
│       
│       [37m    Status: [0m[1;32m✅ Completed[0m
├── [1;32m📋 Task: 77379961-4a7e-4d31-93e5-b60cd8d3f095[0m
│   [37m   Assigned to: [0m[32mDigital Privacy Guardian[0m
│   
│   [37m   Status: [0m[1;32m✅ Completed[0m
│   └── [1;32m🤖 Agent: [0m[32mDigital Privacy Guardian[0m
│       
│       [37m    Status: [0m[1;32m✅ Completed[0m
├── [1;32m📋 Task: 11305757-0986-452c-b73c-399d138c9241[0m
│   [37m   Assigned to: [0m[32mImpartial Oversight Guardian[0m
│   
│   [37m   Status: [0m[1;32m✅ Completed[0m
│   └── [1;32m🤖 Agent: [0m[32mImpartial Oversight Guardian[0m
│       
│       [37m    Status: [0m[1;32m✅ Completed[0m
└── [1;32m📋 Task: 8f69f895-bede-4016-bc34-f7d1bd3027a2[0m
    [37m   Assigned to: [0m[32mGuardian Response Collator[0m
    
    [37m   Status: [0m[1;32m✅ Completed[0m
    └── [1;32m🤖 Agent: [0m[32mGuardian Response Collator[0m
        
        [37m    Status: [0m[1;32m✅ Completed[0m
[32m╭─[0m[32m───────────────────────────[0m[32m Task Completion [0m[32m────────────────────────────[0m[32m─╮[0m
[32m│[0m                                                                          [32m│[0m
[32m│[0m  [1;32mTask Completed[0m                                                          [32m│[0m
[32m│[0m  [37mName: [0m[32m8f69f895-bede-4016-bc34-f7d1bd3027a2[0m                              [32m│[0m
[32m│[0m  [37mAgent: [0m[32mGuardian Response Collator[0m                                       [32m│[0m
[32m│[0m                                                                          [32m│[0m
[32m│[0m                                                                          [32m│[0m
[32m│[0m                                                                          [32m│[0m
[32m╰──────────────────────────────────────────────────────────────────────────╯[0m

[32m╭─[0m[32m───────────────────────────[0m[32m Crew Completion [0m[32m────────────────────────────[0m[32m─╮[0m
[32m│[0m                                                                          [32m│[0m
[32m│[0m  [1;32mCrew Execution Completed[0m                                                [32m│[0m
[32m│[0m  [37mName: [0m[32mcrew[0m                                                              [32m│[0m
[32m│[0m  [37mID: [0m[32m3f529fe0-5898-4914-a787-15192dbacaa8[0m                                [32m│[0m
[32m│[0m                                                                          [32m│[0m
[32m│[0m                                                                          [32m│[0m
[32m╰──────────────────────────────────────────────────────────────────────────╯[0m

