[36m╭─[0m[36m────────────────────────[0m[36m Crew Execution Started [0m[36m────────────────────────[0m[36m─╮[0m
[36m│[0m                                                                          [36m│[0m
[36m│[0m  [1;36mCrew Execution Started[0m                                                  [36m│[0m
[36m│[0m  [37mName: [0m[36mcrew[0m                                                              [36m│[0m
[36m│[0m  [37mID: [0m[36m58f9cb85-01bd-481d-81b7-031b2168a1d5[0m                                [36m│[0m
[36m│[0m                                                                          [36m│[0m
[36m│[0m                                                                          [36m│[0m
[36m╰──────────────────────────────────────────────────────────────────────────╯[0m

[1;36m🚀 Crew: [0m[1;36mcrew[0m
└── [1;33m📋 Task: 992687d1-68d2-45e5-b5e7-b9bcc2d68b3c[0m
    [37m   Status: [0m[2;33mExecuting Task...[0m

[1;36m🚀 Crew: [0m[1;36mcrew[0m
└── [1;33m📋 Task: 992687d1-68d2-45e5-b5e7-b9bcc2d68b3c[0m
    [37m   Status: [0m[2;33mExecuting Task...[0m
    └── [1;32m🤖 Agent: [0m[32mRegulatory Compliance Guardian[0m
        
        [37m    Status: [0m[1;32mIn Progress[0m

[1m[95m# Agent:[00m [1m[92mRegulatory Compliance Guardian[00m
[95m## Task:[00m [92mEvaluate the disclosure request for transaction hash '0x0be21dda2d6a5bbc7a3790ee4f17373092a2ed492cf966f6a75b53bb86e2df54' based on regulatory compliance.  The reason for the request is: S2 Interaction New Protocol: The address is interacting with new protocols: MetaMask, dex-aggregator. There has been no previous interaction with these protocols.. Provide your vote (YES/NO/ABSTAIN) and a brief justification.
[00m


[1m[95m# Agent:[00m [1m[92mRegulatory Compliance Guardian[00m
[95m## Final Answer:[00m [92m
NO. The request to disclose the transaction details based on interaction with new protocols (MetaMask, dex-aggregator) lacks sufficient justification rooted in financial crime prevention or regulatory mandates. Merely interacting with new protocols without additional red flags such as suspicious transaction patterns, known risk indicators, or law enforcement requests does not meet the threshold for disclosure. Preserving user privacy alongside regulatory compliance is critical unless clear evidence of illicit activity or risk to the financial system is presented. Therefore, withholding disclosure aligns best with current AML/CFT obligations and financial system integrity.[00m


[1;36m🚀 Crew: [0m[1;36mcrew[0m
└── [1;33m📋 Task: 992687d1-68d2-45e5-b5e7-b9bcc2d68b3c[0m
    [37m   Status: [0m[2;33mExecuting Task...[0m
    └── [1;32m🤖 Agent: [0m[32mRegulatory Compliance Guardian[0m
        
        [37m    Status: [0m[1;32m✅ Completed[0m

[1;36m🚀 Crew: [0m[1;36mcrew[0m
└── [1;32m📋 Task: 992687d1-68d2-45e5-b5e7-b9bcc2d68b3c[0m
    [37m   Assigned to: [0m[32mRegulatory Compliance Guardian[0m
    
    [37m   Status: [0m[1;32m✅ Completed[0m
    └── [1;32m🤖 Agent: [0m[32mRegulatory Compliance Guardian[0m
        
        [37m    Status: [0m[1;32m✅ Completed[0m
[32m╭─[0m[32m───────────────────────────[0m[32m Task Completion [0m[32m────────────────────────────[0m[32m─╮[0m
[32m│[0m                                                                          [32m│[0m
[32m│[0m  [1;32mTask Completed[0m                                                          [32m│[0m
[32m│[0m  [37mName: [0m[32m992687d1-68d2-45e5-b5e7-b9bcc2d68b3c[0m                              [32m│[0m
[32m│[0m  [37mAgent: [0m[32mRegulatory Compliance Guardian[0m                                   [32m│[0m
[32m│[0m                                                                          [32m│[0m
[32m│[0m                                                                          [32m│[0m
[32m│[0m                                                                          [32m│[0m
[32m╰──────────────────────────────────────────────────────────────────────────╯[0m

[1;36m🚀 Crew: [0m[1;36mcrew[0m
├── [1;32m📋 Task: 992687d1-68d2-45e5-b5e7-b9bcc2d68b3c[0m
│   [37m   Assigned to: [0m[32mRegulatory Compliance Guardian[0m
│   
│   [37m   Status: [0m[1;32m✅ Completed[0m
│   └── [1;32m🤖 Agent: [0m[32mRegulatory Compliance Guardian[0m
│       
│       [37m    Status: [0m[1;32m✅ Completed[0m
└── [1;33m📋 Task: 6b533731-ebc0-4cc2-a71b-0f5fbdebbf28[0m
    [37m   Status: [0m[2;33mExecuting Task...[0m

[1;36m🚀 Crew: [0m[1;36mcrew[0m
├── [1;32m📋 Task: 992687d1-68d2-45e5-b5e7-b9bcc2d68b3c[0m
│   [37m   Assigned to: [0m[32mRegulatory Compliance Guardian[0m
│   
│   [37m   Status: [0m[1;32m✅ Completed[0m
│   └── [1;32m🤖 Agent: [0m[32mRegulatory Compliance Guardian[0m
│       
│       [37m    Status: [0m[1;32m✅ Completed[0m
└── [1;33m📋 Task: 6b533731-ebc0-4cc2-a71b-0f5fbdebbf28[0m
    [37m   Status: [0m[2;33mExecuting Task...[0m
    └── [1;32m🤖 Agent: [0m[32mFinancial Institution Risk Guardian[0m
        
        [37m    Status: [0m[1;32mIn Progress[0m

[1m[95m# Agent:[00m [1m[92mFinancial Institution Risk Guardian[00m
[95m## Task:[00m [92mEvaluate the disclosure request for transaction hash '0x0be21dda2d6a5bbc7a3790ee4f17373092a2ed492cf966f6a75b53bb86e2df54' from the perspective of a major financial institution. The reason for the request is: S2 Interaction New Protocol: The address is interacting with new protocols: MetaMask, dex-aggregator. There has been no previous interaction with these protocols.. Provide your vote (YES/NO/ABSTAIN) and a brief justification.
[00m


[1m[95m# Agent:[00m [1m[92mFinancial Institution Risk Guardian[00m
[95m## Final Answer:[00m [92m
NO. The request to disclose the transaction details based solely on the address interacting with new protocols like MetaMask and a dex-aggregator, without any additional indicators of suspicious behavior or regulatory requirement, does not justify disclosure. Institutional risk management and AML compliance require clear evidence of potential financial crime or regulatory obligation before breaching user privacy. Since no red flags, suspicious patterns, or external enforcement demands are present, denial of the disclosure request upholds both compliance and institution integrity.[00m


[1;36m🚀 Crew: [0m[1;36mcrew[0m
├── [1;32m📋 Task: 992687d1-68d2-45e5-b5e7-b9bcc2d68b3c[0m
│   [37m   Assigned to: [0m[32mRegulatory Compliance Guardian[0m
│   
│   [37m   Status: [0m[1;32m✅ Completed[0m
│   └── [1;32m🤖 Agent: [0m[32mRegulatory Compliance Guardian[0m
│       
│       [37m    Status: [0m[1;32m✅ Completed[0m
└── [1;33m📋 Task: 6b533731-ebc0-4cc2-a71b-0f5fbdebbf28[0m
    [37m   Status: [0m[2;33mExecuting Task...[0m
    └── [1;32m🤖 Agent: [0m[32mFinancial Institution Risk Guardian[0m
        
        [37m    Status: [0m[1;32m✅ Completed[0m

[1;36m🚀 Crew: [0m[1;36mcrew[0m
├── [1;32m📋 Task: 992687d1-68d2-45e5-b5e7-b9bcc2d68b3c[0m
│   [37m   Assigned to: [0m[32mRegulatory Compliance Guardian[0m
│   
│   [37m   Status: [0m[1;32m✅ Completed[0m
│   └── [1;32m🤖 Agent: [0m[32mRegulatory Compliance Guardian[0m
│       
│       [37m    Status: [0m[1;32m✅ Completed[0m
└── [1;32m📋 Task: 6b533731-ebc0-4cc2-a71b-0f5fbdebbf28[0m
    [37m   Assigned to: [0m[32mFinancial Institution Risk Guardian[0m
    
    [37m   Status: [0m[1;32m✅ Completed[0m
    └── [1;32m🤖 Agent: [0m[32mFinancial Institution Risk Guardian[0m
        
        [37m    Status: [0m[1;32m✅ Completed[0m
[32m╭─[0m[32m───────────────────────────[0m[32m Task Completion [0m[32m────────────────────────────[0m[32m─╮[0m
[32m│[0m                                                                          [32m│[0m
[32m│[0m  [1;32mTask Completed[0m                                                          [32m│[0m
[32m│[0m  [37mName: [0m[32m6b533731-ebc0-4cc2-a71b-0f5fbdebbf28[0m                              [32m│[0m
[32m│[0m  [37mAgent: [0m[32mFinancial Institution Risk Guardian[0m                              [32m│[0m
[32m│[0m                                                                          [32m│[0m
[32m│[0m                                                                          [32m│[0m
[32m│[0m                                                                          [32m│[0m
[32m╰──────────────────────────────────────────────────────────────────────────╯[0m

[1;36m🚀 Crew: [0m[1;36mcrew[0m
├── [1;32m📋 Task: 992687d1-68d2-45e5-b5e7-b9bcc2d68b3c[0m
│   [37m   Assigned to: [0m[32mRegulatory Compliance Guardian[0m
│   
│   [37m   Status: [0m[1;32m✅ Completed[0m
│   └── [1;32m🤖 Agent: [0m[32mRegulatory Compliance Guardian[0m
│       
│       [37m    Status: [0m[1;32m✅ Completed[0m
├── [1;32m📋 Task: 6b533731-ebc0-4cc2-a71b-0f5fbdebbf28[0m
│   [37m   Assigned to: [0m[32mFinancial Institution Risk Guardian[0m
│   
│   [37m   Status: [0m[1;32m✅ Completed[0m
│   └── [1;32m🤖 Agent: [0m[32mFinancial Institution Risk Guardian[0m
│       
│       [37m    Status: [0m[1;32m✅ Completed[0m
└── [1;33m📋 Task: 5e49ac57-54b9-46a0-ae9b-6dd1c425a84f[0m
    [37m   Status: [0m[2;33mExecuting Task...[0m

[1;36m🚀 Crew: [0m[1;36mcrew[0m
├── [1;32m📋 Task: 992687d1-68d2-45e5-b5e7-b9bcc2d68b3c[0m
│   [37m   Assigned to: [0m[32mRegulatory Compliance Guardian[0m
│   
│   [37m   Status: [0m[1;32m✅ Completed[0m
│   └── [1;32m🤖 Agent: [0m[32mRegulatory Compliance Guardian[0m
│       
│       [37m    Status: [0m[1;32m✅ Completed[0m
├── [1;32m📋 Task: 6b533731-ebc0-4cc2-a71b-0f5fbdebbf28[0m
│   [37m   Assigned to: [0m[32mFinancial Institution Risk Guardian[0m
│   
│   [37m   Status: [0m[1;32m✅ Completed[0m
│   └── [1;32m🤖 Agent: [0m[32mFinancial Institution Risk Guardian[0m
│       
│       [37m    Status: [0m[1;32m✅ Completed[0m
└── [1;33m📋 Task: 5e49ac57-54b9-46a0-ae9b-6dd1c425a84f[0m
    [37m   Status: [0m[2;33mExecuting Task...[0m
    └── [1;32m🤖 Agent: [0m[32mDigital Privacy Guardian[0m
        
        [37m    Status: [0m[1;32mIn Progress[0m

[1m[95m# Agent:[00m [1m[92mDigital Privacy Guardian[00m
[95m## Task:[00m [92mEvaluate the disclosure request for transaction hash '0x0be21dda2d6a5bbc7a3790ee4f17373092a2ed492cf966f6a75b53bb86e2df54' from a privacy advocacy standpoint. The reason for the request is: S2 Interaction New Protocol: The address is interacting with new protocols: MetaMask, dex-aggregator. There has been no previous interaction with these protocols.. Provide your vote (YES/NO/ABSTAIN) and a brief justification.
[00m


[1m[95m# Agent:[00m [1m[92mDigital Privacy Guardian[00m
[95m## Final Answer:[00m [92m
NO. The request to disclose transaction details based solely on the fact that the address has interacted with new protocols such as MetaMask and a dex-aggregator is insufficient justification to breach financial privacy. Without additional evidence indicating suspicious activity, regulatory demand, or linkage to illicit behavior, privacy should be preserved. Interactions with new protocols in themselves do not constitute a reasonable basis for disclosure under principles of data protection or anti-money laundering frameworks. Therefore, protecting individual financial privacy must take precedence by denying this disclosure request.[00m


[1;36m🚀 Crew: [0m[1;36mcrew[0m
├── [1;32m📋 Task: 992687d1-68d2-45e5-b5e7-b9bcc2d68b3c[0m
│   [37m   Assigned to: [0m[32mRegulatory Compliance Guardian[0m
│   
│   [37m   Status: [0m[1;32m✅ Completed[0m
│   └── [1;32m🤖 Agent: [0m[32mRegulatory Compliance Guardian[0m
│       
│       [37m    Status: [0m[1;32m✅ Completed[0m
├── [1;32m📋 Task: 6b533731-ebc0-4cc2-a71b-0f5fbdebbf28[0m
│   [37m   Assigned to: [0m[32mFinancial Institution Risk Guardian[0m
│   
│   [37m   Status: [0m[1;32m✅ Completed[0m
│   └── [1;32m🤖 Agent: [0m[32mFinancial Institution Risk Guardian[0m
│       
│       [37m    Status: [0m[1;32m✅ Completed[0m
└── [1;33m📋 Task: 5e49ac57-54b9-46a0-ae9b-6dd1c425a84f[0m
    [37m   Status: [0m[2;33mExecuting Task...[0m
    └── [1;32m🤖 Agent: [0m[32mDigital Privacy Guardian[0m
        
        [37m    Status: [0m[1;32m✅ Completed[0m

[1;36m🚀 Crew: [0m[1;36mcrew[0m
├── [1;32m📋 Task: 992687d1-68d2-45e5-b5e7-b9bcc2d68b3c[0m
│   [37m   Assigned to: [0m[32mRegulatory Compliance Guardian[0m
│   
│   [37m   Status: [0m[1;32m✅ Completed[0m
│   └── [1;32m🤖 Agent: [0m[32mRegulatory Compliance Guardian[0m
│       
│       [37m    Status: [0m[1;32m✅ Completed[0m
├── [1;32m📋 Task: 6b533731-ebc0-4cc2-a71b-0f5fbdebbf28[0m
│   [37m   Assigned to: [0m[32mFinancial Institution Risk Guardian[0m
│   
│   [37m   Status: [0m[1;32m✅ Completed[0m
│   └── [1;32m🤖 Agent: [0m[32mFinancial Institution Risk Guardian[0m
│       
│       [37m    Status: [0m[1;32m✅ Completed[0m
└── [1;32m📋 Task: 5e49ac57-54b9-46a0-ae9b-6dd1c425a84f[0m
    [37m   Assigned to: [0m[32mDigital Privacy Guardian[0m
    
    [37m   Status: [0m[1;32m✅ Completed[0m
    └── [1;32m🤖 Agent: [0m[32mDigital Privacy Guardian[0m
        
        [37m    Status: [0m[1;32m✅ Completed[0m
[32m╭─[0m[32m───────────────────────────[0m[32m Task Completion [0m[32m────────────────────────────[0m[32m─╮[0m
[32m│[0m                                                                          [32m│[0m
[32m│[0m  [1;32mTask Completed[0m                                                          [32m│[0m
[32m│[0m  [37mName: [0m[32m5e49ac57-54b9-46a0-ae9b-6dd1c425a84f[0m                              [32m│[0m
[32m│[0m  [37mAgent: [0m[32mDigital Privacy Guardian[0m                                         [32m│[0m
[32m│[0m                                                                          [32m│[0m
[32m│[0m                                                                          [32m│[0m
[32m│[0m                                                                          [32m│[0m
[32m╰──────────────────────────────────────────────────────────────────────────╯[0m

[1;36m🚀 Crew: [0m[1;36mcrew[0m
├── [1;32m📋 Task: 992687d1-68d2-45e5-b5e7-b9bcc2d68b3c[0m
│   [37m   Assigned to: [0m[32mRegulatory Compliance Guardian[0m
│   
│   [37m   Status: [0m[1;32m✅ Completed[0m
│   └── [1;32m🤖 Agent: [0m[32mRegulatory Compliance Guardian[0m
│       
│       [37m    Status: [0m[1;32m✅ Completed[0m
├── [1;32m📋 Task: 6b533731-ebc0-4cc2-a71b-0f5fbdebbf28[0m
│   [37m   Assigned to: [0m[32mFinancial Institution Risk Guardian[0m
│   
│   [37m   Status: [0m[1;32m✅ Completed[0m
│   └── [1;32m🤖 Agent: [0m[32mFinancial Institution Risk Guardian[0m
│       
│       [37m    Status: [0m[1;32m✅ Completed[0m
├── [1;32m📋 Task: 5e49ac57-54b9-46a0-ae9b-6dd1c425a84f[0m
│   [37m   Assigned to: [0m[32mDigital Privacy Guardian[0m
│   
│   [37m   Status: [0m[1;32m✅ Completed[0m
│   └── [1;32m🤖 Agent: [0m[32mDigital Privacy Guardian[0m
│       
│       [37m    Status: [0m[1;32m✅ Completed[0m
└── [1;33m📋 Task: 09d770b9-cb89-4dea-8ae5-385c84476638[0m
    [37m   Status: [0m[2;33mExecuting Task...[0m

[1;36m🚀 Crew: [0m[1;36mcrew[0m
├── [1;32m📋 Task: 992687d1-68d2-45e5-b5e7-b9bcc2d68b3c[0m
│   [37m   Assigned to: [0m[32mRegulatory Compliance Guardian[0m
│   
│   [37m   Status: [0m[1;32m✅ Completed[0m
│   └── [1;32m🤖 Agent: [0m[32mRegulatory Compliance Guardian[0m
│       
│       [37m    Status: [0m[1;32m✅ Completed[0m
├── [1;32m📋 Task: 6b533731-ebc0-4cc2-a71b-0f5fbdebbf28[0m
│   [37m   Assigned to: [0m[32mFinancial Institution Risk Guardian[0m
│   
│   [37m   Status: [0m[1;32m✅ Completed[0m
│   └── [1;32m🤖 Agent: [0m[32mFinancial Institution Risk Guardian[0m
│       
│       [37m    Status: [0m[1;32m✅ Completed[0m
├── [1;32m📋 Task: 5e49ac57-54b9-46a0-ae9b-6dd1c425a84f[0m
│   [37m   Assigned to: [0m[32mDigital Privacy Guardian[0m
│   
│   [37m   Status: [0m[1;32m✅ Completed[0m
│   └── [1;32m🤖 Agent: [0m[32mDigital Privacy Guardian[0m
│       
│       [37m    Status: [0m[1;32m✅ Completed[0m
└── [1;33m📋 Task: 09d770b9-cb89-4dea-8ae5-385c84476638[0m
    [37m   Status: [0m[2;33mExecuting Task...[0m
    └── [1;32m🤖 Agent: [0m[32mImpartial Oversight Guardian[0m
        
        [37m    Status: [0m[1;32mIn Progress[0m

[1m[95m# Agent:[00m [1m[92mImpartial Oversight Guardian[00m
[95m## Task:[00m [92mEvaluate the disclosure request for transaction hash '0x0be21dda2d6a5bbc7a3790ee4f17373092a2ed492cf966f6a75b53bb86e2df54' based on an independent auditor's perspective. The reason for the request is: S2 Interaction New Protocol: The address is interacting with new protocols: MetaMask, dex-aggregator. There has been no previous interaction with these protocols.. Provide your vote (YES/NO/ABSTAIN) and a brief justification.
[00m


[1m[95m# Agent:[00m [1m[92mImpartial Oversight Guardian[00m
[95m## Final Answer:[00m [92m
NO. The request to disclose the transaction details based solely on the fact that the address is interacting with new protocols such as MetaMask and a dex-aggregator lacks sufficient justification for disclosure. There is no presented evidence of suspicious activity, known risk indicators, or regulatory or law enforcement mandates that necessitate breach of user privacy. Merely interacting with new protocols does not meet the threshold for disclosure under AML/CFT obligations or data protection principles. Therefore, denying the disclosure request aligns with preserving financial privacy, maintaining proportionality, and adhering to established legal and ethical standards.[00m


[1;36m🚀 Crew: [0m[1;36mcrew[0m
├── [1;32m📋 Task: 992687d1-68d2-45e5-b5e7-b9bcc2d68b3c[0m
│   [37m   Assigned to: [0m[32mRegulatory Compliance Guardian[0m
│   
│   [37m   Status: [0m[1;32m✅ Completed[0m
│   └── [1;32m🤖 Agent: [0m[32mRegulatory Compliance Guardian[0m
│       
│       [37m    Status: [0m[1;32m✅ Completed[0m
├── [1;32m📋 Task: 6b533731-ebc0-4cc2-a71b-0f5fbdebbf28[0m
│   [37m   Assigned to: [0m[32mFinancial Institution Risk Guardian[0m
│   
│   [37m   Status: [0m[1;32m✅ Completed[0m
│   └── [1;32m🤖 Agent: [0m[32mFinancial Institution Risk Guardian[0m
│       
│       [37m    Status: [0m[1;32m✅ Completed[0m
├── [1;32m📋 Task: 5e49ac57-54b9-46a0-ae9b-6dd1c425a84f[0m
│   [37m   Assigned to: [0m[32mDigital Privacy Guardian[0m
│   
│   [37m   Status: [0m[1;32m✅ Completed[0m
│   └── [1;32m🤖 Agent: [0m[32mDigital Privacy Guardian[0m
│       
│       [37m    Status: [0m[1;32m✅ Completed[0m
└── [1;33m📋 Task: 09d770b9-cb89-4dea-8ae5-385c84476638[0m
    [37m   Status: [0m[2;33mExecuting Task...[0m
    └── [1;32m🤖 Agent: [0m[32mImpartial Oversight Guardian[0m
        
        [37m    Status: [0m[1;32m✅ Completed[0m

[1;36m🚀 Crew: [0m[1;36mcrew[0m
├── [1;32m📋 Task: 992687d1-68d2-45e5-b5e7-b9bcc2d68b3c[0m
│   [37m   Assigned to: [0m[32mRegulatory Compliance Guardian[0m
│   
│   [37m   Status: [0m[1;32m✅ Completed[0m
│   └── [1;32m🤖 Agent: [0m[32mRegulatory Compliance Guardian[0m
│       
│       [37m    Status: [0m[1;32m✅ Completed[0m
├── [1;32m📋 Task: 6b533731-ebc0-4cc2-a71b-0f5fbdebbf28[0m
│   [37m   Assigned to: [0m[32mFinancial Institution Risk Guardian[0m
│   
│   [37m   Status: [0m[1;32m✅ Completed[0m
│   └── [1;32m🤖 Agent: [0m[32mFinancial Institution Risk Guardian[0m
│       
│       [37m    Status: [0m[1;32m✅ Completed[0m
├── [1;32m📋 Task: 5e49ac57-54b9-46a0-ae9b-6dd1c425a84f[0m
│   [37m   Assigned to: [0m[32mDigital Privacy Guardian[0m
│   
│   [37m   Status: [0m[1;32m✅ Completed[0m
│   └── [1;32m🤖 Agent: [0m[32mDigital Privacy Guardian[0m
│       
│       [37m    Status: [0m[1;32m✅ Completed[0m
└── [1;32m📋 Task: 09d770b9-cb89-4dea-8ae5-385c84476638[0m
    [37m   Assigned to: [0m[32mImpartial Oversight Guardian[0m
    
    [37m   Status: [0m[1;32m✅ Completed[0m
    └── [1;32m🤖 Agent: [0m[32mImpartial Oversight Guardian[0m
        
        [37m    Status: [0m[1;32m✅ Completed[0m
[32m╭─[0m[32m───────────────────────────[0m[32m Task Completion [0m[32m────────────────────────────[0m[32m─╮[0m
[32m│[0m                                                                          [32m│[0m
[32m│[0m  [1;32mTask Completed[0m                                                          [32m│[0m
[32m│[0m  [37mName: [0m[32m09d770b9-cb89-4dea-8ae5-385c84476638[0m                              [32m│[0m
[32m│[0m  [37mAgent: [0m[32mImpartial Oversight Guardian[0m                                     [32m│[0m
[32m│[0m                                                                          [32m│[0m
[32m│[0m                                                                          [32m│[0m
[32m│[0m                                                                          [32m│[0m
[32m╰──────────────────────────────────────────────────────────────────────────╯[0m

[1;36m🚀 Crew: [0m[1;36mcrew[0m
├── [1;32m📋 Task: 992687d1-68d2-45e5-b5e7-b9bcc2d68b3c[0m
│   [37m   Assigned to: [0m[32mRegulatory Compliance Guardian[0m
│   
│   [37m   Status: [0m[1;32m✅ Completed[0m
│   └── [1;32m🤖 Agent: [0m[32mRegulatory Compliance Guardian[0m
│       
│       [37m    Status: [0m[1;32m✅ Completed[0m
├── [1;32m📋 Task: 6b533731-ebc0-4cc2-a71b-0f5fbdebbf28[0m
│   [37m   Assigned to: [0m[32mFinancial Institution Risk Guardian[0m
│   
│   [37m   Status: [0m[1;32m✅ Completed[0m
│   └── [1;32m🤖 Agent: [0m[32mFinancial Institution Risk Guardian[0m
│       
│       [37m    Status: [0m[1;32m✅ Completed[0m
├── [1;32m📋 Task: 5e49ac57-54b9-46a0-ae9b-6dd1c425a84f[0m
│   [37m   Assigned to: [0m[32mDigital Privacy Guardian[0m
│   
│   [37m   Status: [0m[1;32m✅ Completed[0m
│   └── [1;32m🤖 Agent: [0m[32mDigital Privacy Guardian[0m
│       
│       [37m    Status: [0m[1;32m✅ Completed[0m
├── [1;32m📋 Task: 09d770b9-cb89-4dea-8ae5-385c84476638[0m
│   [37m   Assigned to: [0m[32mImpartial Oversight Guardian[0m
│   
│   [37m   Status: [0m[1;32m✅ Completed[0m
│   └── [1;32m🤖 Agent: [0m[32mImpartial Oversight Guardian[0m
│       
│       [37m    Status: [0m[1;32m✅ Completed[0m
└── [1;33m📋 Task: 5331ae80-539a-4d38-80b3-4446a01ed2c2[0m
    [37m   Status: [0m[2;33mExecuting Task...[0m

[1;36m🚀 Crew: [0m[1;36mcrew[0m
├── [1;32m📋 Task: 992687d1-68d2-45e5-b5e7-b9bcc2d68b3c[0m
│   [37m   Assigned to: [0m[32mRegulatory Compliance Guardian[0m
│   
│   [37m   Status: [0m[1;32m✅ Completed[0m
│   └── [1;32m🤖 Agent: [0m[32mRegulatory Compliance Guardian[0m
│       
│       [37m    Status: [0m[1;32m✅ Completed[0m
├── [1;32m📋 Task: 6b533731-ebc0-4cc2-a71b-0f5fbdebbf28[0m
│   [37m   Assigned to: [0m[32mFinancial Institution Risk Guardian[0m
│   
│   [37m   Status: [0m[1;32m✅ Completed[0m
│   └── [1;32m🤖 Agent: [0m[32mFinancial Institution Risk Guardian[0m
│       
│       [37m    Status: [0m[1;32m✅ Completed[0m
├── [1;32m📋 Task: 5e49ac57-54b9-46a0-ae9b-6dd1c425a84f[0m
│   [37m   Assigned to: [0m[32mDigital Privacy Guardian[0m
│   
│   [37m   Status: [0m[1;32m✅ Completed[0m
│   └── [1;32m🤖 Agent: [0m[32mDigital Privacy Guardian[0m
│       
│       [37m    Status: [0m[1;32m✅ Completed[0m
├── [1;32m📋 Task: 09d770b9-cb89-4dea-8ae5-385c84476638[0m
│   [37m   Assigned to: [0m[32mImpartial Oversight Guardian[0m
│   
│   [37m   Status: [0m[1;32m✅ Completed[0m
│   └── [1;32m🤖 Agent: [0m[32mImpartial Oversight Guardian[0m
│       
│       [37m    Status: [0m[1;32m✅ Completed[0m
└── [1;33m📋 Task: 5331ae80-539a-4d38-80b3-4446a01ed2c2[0m
    [37m   Status: [0m[2;33mExecuting Task...[0m
    └── [1;32m🤖 Agent: [0m[32mGuardian Response Collator[0m
        
        [37m    Status: [0m[1;32mIn Progress[0m

[1m[95m# Agent:[00m [1m[92mGuardian Response Collator[00m
[95m## Task:[00m [92mCollate the evaluations and votes from the Regulatory Body, Major Financial Institution, Privacy Advocacy Organization, and Independent Auditor regarding the disclosure request for transaction hash '0x0be21dda2d6a5bbc7a3790ee4f17373092a2ed492cf966f6a75b53bb86e2df54'. Summarize the findings and present a final overview.
[00m


[1m[95m# Agent:[00m [1m[92mGuardian Response Collator[00m
[95m## Final Answer:[00m [92m
# Final Report on Disclosure Request for Transaction Hash '0x0be21dda2d6a5bbc7a3790ee4f17373092a2ed492cf966f6a75b53bb86e2df54'

This report consolidates the evaluations and votes from four guardian agents—the Regulatory Body, Major Financial Institution, Privacy Advocacy Organization, and Independent Auditor—regarding the disclosure request for the specified transaction.

## Evaluations and Votes Summary

1. **Regulatory Body**  
   Vote: NO  
   Justification: The regulator emphasizes that the request lacks sufficient grounds based strictly on the address's interaction with new protocols like MetaMask and dex-aggregators. There are no indicators such as suspicious patterns, financial crime evidence, or enforcement demands warranting disclosure. Maintaining privacy alongside regulatory compliance remains paramount here.

2. **Major Financial Institution**  
   Vote: NO  
   Justification: The institution stresses that risk management and AML compliance require stronger evidence before breaching user privacy. Without red flags, suspicious activity, or external requests, disclosing transaction details is unwarranted. Denial is necessary to preserve institutional integrity and user privacy.

3. **Privacy Advocacy Organization**  
   Vote: NO  
   Justification: From a privacy standpoint, the organization highlights that protocol interaction alone does not justify disclosure. Upholding data protection and anti-money laundering principles means denying the request unless there's clear linkage to illicit behavior or regulatory pressure.

4. **Independent Auditor**  
   Vote: NO  
   Justification: The auditor concurs that interaction with new protocols doesn't alone meet thresholds for disclosure. No evidence, regulatory mandate, or risk indicators support breaching privacy. Denying the request aligns with proportionality, privacy preservation, and legal standards adherence.

## Agreements and Overall Sentiment

- All four guardians unanimously voted **NO** to the disclosure request.
- The core rationale across evaluations is consistent: lack of sufficient justification grounded in financial crime, suspicious behavior, or regulatory mandates.
- Preservation of individual financial privacy while ensuring compliance with AML/CFT (Anti-Money Laundering / Countering the Financing of Terrorism) frameworks is prioritized.
- Mere interaction with new protocols such as MetaMask and dex-aggregators does not constitute reasonable grounds for disclosure.
- The consensus highlights the importance of balancing privacy rights with regulatory responsibilities—disclosure should only occur when supported by clear evidence or legal demands.

## Final Overview

The unified decision from all guardians is to **deny the disclosure request** for transaction hash '0x0be21dda2d6a5bbc7a3790ee4f17373092a2ed492cf966f6a75b53bb86e2df54'. This approach reflects a cautious, principled stance that values user privacy and institutional integrity unless unmistakable grounds for disclosure, such as suspicious activity or enforcement action, emerge. The integrity of the financial system and compliance with AML/CFT obligations must be balanced against individual privacy protections, and in this case, the balance favors non-disclosure. 

This unanimous position should guide the final decision-making, ensuring that disclosure protocols align with both legal standards and ethical considerations.[00m


[1;36m🚀 Crew: [0m[1;36mcrew[0m
├── [1;32m📋 Task: 992687d1-68d2-45e5-b5e7-b9bcc2d68b3c[0m
│   [37m   Assigned to: [0m[32mRegulatory Compliance Guardian[0m
│   
│   [37m   Status: [0m[1;32m✅ Completed[0m
│   └── [1;32m🤖 Agent: [0m[32mRegulatory Compliance Guardian[0m
│       
│       [37m    Status: [0m[1;32m✅ Completed[0m
├── [1;32m📋 Task: 6b533731-ebc0-4cc2-a71b-0f5fbdebbf28[0m
│   [37m   Assigned to: [0m[32mFinancial Institution Risk Guardian[0m
│   
│   [37m   Status: [0m[1;32m✅ Completed[0m
│   └── [1;32m🤖 Agent: [0m[32mFinancial Institution Risk Guardian[0m
│       
│       [37m    Status: [0m[1;32m✅ Completed[0m
├── [1;32m📋 Task: 5e49ac57-54b9-46a0-ae9b-6dd1c425a84f[0m
│   [37m   Assigned to: [0m[32mDigital Privacy Guardian[0m
│   
│   [37m   Status: [0m[1;32m✅ Completed[0m
│   └── [1;32m🤖 Agent: [0m[32mDigital Privacy Guardian[0m
│       
│       [37m    Status: [0m[1;32m✅ Completed[0m
├── [1;32m📋 Task: 09d770b9-cb89-4dea-8ae5-385c84476638[0m
│   [37m   Assigned to: [0m[32mImpartial Oversight Guardian[0m
│   
│   [37m   Status: [0m[1;32m✅ Completed[0m
│   └── [1;32m🤖 Agent: [0m[32mImpartial Oversight Guardian[0m
│       
│       [37m    Status: [0m[1;32m✅ Completed[0m
└── [1;33m📋 Task: 5331ae80-539a-4d38-80b3-4446a01ed2c2[0m
    [37m   Status: [0m[2;33mExecuting Task...[0m
    └── [1;32m🤖 Agent: [0m[32mGuardian Response Collator[0m
        
        [37m    Status: [0m[1;32m✅ Completed[0m

[1;36m🚀 Crew: [0m[1;36mcrew[0m
├── [1;32m📋 Task: 992687d1-68d2-45e5-b5e7-b9bcc2d68b3c[0m
│   [37m   Assigned to: [0m[32mRegulatory Compliance Guardian[0m
│   
│   [37m   Status: [0m[1;32m✅ Completed[0m
│   └── [1;32m🤖 Agent: [0m[32mRegulatory Compliance Guardian[0m
│       
│       [37m    Status: [0m[1;32m✅ Completed[0m
├── [1;32m📋 Task: 6b533731-ebc0-4cc2-a71b-0f5fbdebbf28[0m
│   [37m   Assigned to: [0m[32mFinancial Institution Risk Guardian[0m
│   
│   [37m   Status: [0m[1;32m✅ Completed[0m
│   └── [1;32m🤖 Agent: [0m[32mFinancial Institution Risk Guardian[0m
│       
│       [37m    Status: [0m[1;32m✅ Completed[0m
├── [1;32m📋 Task: 5e49ac57-54b9-46a0-ae9b-6dd1c425a84f[0m
│   [37m   Assigned to: [0m[32mDigital Privacy Guardian[0m
│   
│   [37m   Status: [0m[1;32m✅ Completed[0m
│   └── [1;32m🤖 Agent: [0m[32mDigital Privacy Guardian[0m
│       
│       [37m    Status: [0m[1;32m✅ Completed[0m
├── [1;32m📋 Task: 09d770b9-cb89-4dea-8ae5-385c84476638[0m
│   [37m   Assigned to: [0m[32mImpartial Oversight Guardian[0m
│   
│   [37m   Status: [0m[1;32m✅ Completed[0m
│   └── [1;32m🤖 Agent: [0m[32mImpartial Oversight Guardian[0m
│       
│       [37m    Status: [0m[1;32m✅ Completed[0m
└── [1;32m📋 Task: 5331ae80-539a-4d38-80b3-4446a01ed2c2[0m
    [37m   Assigned to: [0m[32mGuardian Response Collator[0m
    
    [37m   Status: [0m[1;32m✅ Completed[0m
    └── [1;32m🤖 Agent: [0m[32mGuardian Response Collator[0m
        
        [37m    Status: [0m[1;32m✅ Completed[0m
[32m╭─[0m[32m───────────────────────────[0m[32m Task Completion [0m[32m────────────────────────────[0m[32m─╮[0m
[32m│[0m                                                                          [32m│[0m
[32m│[0m  [1;32mTask Completed[0m                                                          [32m│[0m
[32m│[0m  [37mName: [0m[32m5331ae80-539a-4d38-80b3-4446a01ed2c2[0m                              [32m│[0m
[32m│[0m  [37mAgent: [0m[32mGuardian Response Collator[0m                                       [32m│[0m
[32m│[0m                                                                          [32m│[0m
[32m│[0m                                                                          [32m│[0m
[32m│[0m                                                                          [32m│[0m
[32m╰──────────────────────────────────────────────────────────────────────────╯[0m

[32m╭─[0m[32m───────────────────────────[0m[32m Crew Completion [0m[32m────────────────────────────[0m[32m─╮[0m
[32m│[0m                                                                          [32m│[0m
[32m│[0m  [1;32mCrew Execution Completed[0m                                                [32m│[0m
[32m│[0m  [37mName: [0m[32mcrew[0m                                                              [32m│[0m
[32m│[0m  [37mID: [0m[32m58f9cb85-01bd-481d-81b7-031b2168a1d5[0m                                [32m│[0m
[32m│[0m                                                                          [32m│[0m
[32m│[0m                                                                          [32m│[0m
[32m╰──────────────────────────────────────────────────────────────────────────╯[0m

